<?xml version="1.0" encoding="UTF-8"?>
<testsuite xmlns:xsi="http://www.w3.org/2001/XMLSchema-instance" xsi:noNamespaceSchemaLocation="https://maven.apache.org/surefire/maven-surefire-plugin/xsd/surefire-test-report.xsd" version="3.0.1" name="stacs.mastermind.MastermindAppTest" time="0.056" tests="7" errors="1" skipped="0" failures="1">
  <properties>
    <property name="java.specification.version" value="21"/>
    <property name="sun.jnu.encoding" value="UTF-8"/>
    <property name="java.class.path" value="/cs/home/rb341/Documents/CS5031/Coursework/P1/P1/mastermind/target/test-classes:/cs/home/rb341/Documents/CS5031/Coursework/P1/P1/mastermind/target/classes:/home/rb341/.m2/repository/org/junit/jupiter/junit-jupiter-api/5.11.0/junit-jupiter-api-5.11.0.jar:/home/rb341/.m2/repository/org/opentest4j/opentest4j/1.3.0/opentest4j-1.3.0.jar:/home/rb341/.m2/repository/org/junit/platform/junit-platform-commons/1.11.0/junit-platform-commons-1.11.0.jar:/home/rb341/.m2/repository/org/apiguardian/apiguardian-api/1.1.2/apiguardian-api-1.1.2.jar:/home/rb341/.m2/repository/org/mockito/mockito-core/5.15.2/mockito-core-5.15.2.jar:/home/rb341/.m2/repository/net/bytebuddy/byte-buddy/1.15.11/byte-buddy-1.15.11.jar:/home/rb341/.m2/repository/net/bytebuddy/byte-buddy-agent/1.15.11/byte-buddy-agent-1.15.11.jar:/home/rb341/.m2/repository/org/objenesis/objenesis/3.3/objenesis-3.3.jar:"/>
    <property name="java.vm.vendor" value="Amazon.com Inc."/>
    <property name="sun.arch.data.model" value="64"/>
    <property name="java.vendor.url" value="https://aws.amazon.com/corretto/"/>
    <property name="os.name" value="Linux"/>
    <property name="java.vm.specification.version" value="21"/>
    <property name="sun.java.launcher" value="SUN_STANDARD"/>
    <property name="user.country" value="GB"/>
    <property name="sun.boot.library.path" value="/usr/local/amazon-corretto-21/lib"/>
    <property name="sun.java.command" value="/cs/home/rb341/Documents/CS5031/Coursework/P1/P1/mastermind/target/surefire/surefirebooter-20250220214240235_3.jar /cs/home/rb341/Documents/CS5031/Coursework/P1/P1/mastermind/target/surefire 2025-02-20T21-42-37_311-jvmRun1 surefire-20250220214240235_1tmp surefire_0-20250220214240235_2tmp"/>
    <property name="jdk.debug" value="release"/>
    <property name="surefire.test.class.path" value="/cs/home/rb341/Documents/CS5031/Coursework/P1/P1/mastermind/target/test-classes:/cs/home/rb341/Documents/CS5031/Coursework/P1/P1/mastermind/target/classes:/home/rb341/.m2/repository/org/junit/jupiter/junit-jupiter-api/5.11.0/junit-jupiter-api-5.11.0.jar:/home/rb341/.m2/repository/org/opentest4j/opentest4j/1.3.0/opentest4j-1.3.0.jar:/home/rb341/.m2/repository/org/junit/platform/junit-platform-commons/1.11.0/junit-platform-commons-1.11.0.jar:/home/rb341/.m2/repository/org/apiguardian/apiguardian-api/1.1.2/apiguardian-api-1.1.2.jar:/home/rb341/.m2/repository/org/mockito/mockito-core/5.15.2/mockito-core-5.15.2.jar:/home/rb341/.m2/repository/net/bytebuddy/byte-buddy/1.15.11/byte-buddy-1.15.11.jar:/home/rb341/.m2/repository/net/bytebuddy/byte-buddy-agent/1.15.11/byte-buddy-agent-1.15.11.jar:/home/rb341/.m2/repository/org/objenesis/objenesis/3.3/objenesis-3.3.jar:"/>
    <property name="sun.cpu.endian" value="little"/>
    <property name="user.home" value="/home/rb341"/>
    <property name="user.language" value="en"/>
    <property name="java.specification.vendor" value="Oracle Corporation"/>
    <property name="java.version.date" value="2024-10-15"/>
    <property name="java.home" value="/usr/local/amazon-corretto-21"/>
    <property name="file.separator" value="/"/>
    <property name="basedir" value="/cs/home/rb341/Documents/CS5031/Coursework/P1/P1/mastermind"/>
    <property name="java.vm.compressedOopsMode" value="Zero based"/>
    <property name="line.separator" value="&#10;"/>
    <property name="java.specification.name" value="Java Platform API Specification"/>
    <property name="java.vm.specification.vendor" value="Oracle Corporation"/>
    <property name="surefire.real.class.path" value="/cs/home/rb341/Documents/CS5031/Coursework/P1/P1/mastermind/target/surefire/surefirebooter-20250220214240235_3.jar"/>
    <property name="sun.management.compiler" value="HotSpot 64-Bit Tiered Compilers"/>
    <property name="java.runtime.version" value="21.0.5+11-LTS"/>
    <property name="user.name" value="rb341"/>
    <property name="stdout.encoding" value="UTF-8"/>
    <property name="path.separator" value=":"/>
    <property name="os.version" value="5.14.0-503.23.2.el9_5.x86_64"/>
    <property name="java.runtime.name" value="OpenJDK Runtime Environment"/>
    <property name="file.encoding" value="UTF-8"/>
    <property name="java.vm.name" value="OpenJDK 64-Bit Server VM"/>
    <property name="java.vendor.version" value="Corretto-21.0.5.11.1"/>
    <property name="localRepository" value="/home/rb341/.m2/repository"/>
    <property name="java.vendor.url.bug" value="https://github.com/corretto/corretto-21/issues/"/>
    <property name="java.io.tmpdir" value="/tmp"/>
    <property name="java.version" value="21.0.5"/>
    <property name="user.dir" value="/cs/home/rb341/Documents/CS5031/Coursework/P1/P1/mastermind"/>
    <property name="os.arch" value="amd64"/>
    <property name="java.vm.specification.name" value="Java Virtual Machine Specification"/>
    <property name="native.encoding" value="UTF-8"/>
    <property name="java.library.path" value="/home/rb341/usr/lib:/cs/home/rb341/usr/lib:/usr/java/packages/lib:/usr/lib64:/lib64:/lib:/usr/lib"/>
    <property name="java.vm.info" value="mixed mode, sharing"/>
    <property name="stderr.encoding" value="UTF-8"/>
    <property name="java.vendor" value="Amazon.com Inc."/>
    <property name="java.vm.version" value="21.0.5+11-LTS"/>
    <property name="sun.io.unicode.encoding" value="UnicodeLittle"/>
    <property name="java.class.version" value="65.0"/>
  </properties>
  <testcase name="wordUnder5Letters" classname="stacs.mastermind.MastermindAppTest" time="0.017"/>
  <testcase name="guessWrong" classname="stacs.mastermind.MastermindAppTest" time="0.001"/>
  <testcase name="shouldLoadWordlist" classname="stacs.mastermind.MastermindAppTest" time="0.006">
    <error message="java.io.FileNotFoundException: ../../../resources/wordlist.txt (No such file or directory)" type="java.lang.RuntimeException"><![CDATA[java.lang.RuntimeException: java.io.FileNotFoundException: ../../../resources/wordlist.txt (No such file or directory)
	at stacs.mastermind.MastermindApp.loadWordlist(MastermindApp.java:155)
	at stacs.mastermind.MastermindAppTest.shouldLoadWordlist(MastermindAppTest.java:31)
	at java.base/java.lang.reflect.Method.invoke(Method.java:580)
	at java.base/java.util.ArrayList.forEach(ArrayList.java:1596)
	at java.base/java.util.ArrayList.forEach(ArrayList.java:1596)
Caused by: java.io.FileNotFoundException: ../../../resources/wordlist.txt (No such file or directory)
	at java.base/java.io.FileInputStream.open0(Native Method)
	at java.base/java.io.FileInputStream.open(FileInputStream.java:213)
	at java.base/java.io.FileInputStream.<init>(FileInputStream.java:152)
	at java.base/java.io.FileInputStream.<init>(FileInputStream.java:106)
	at java.base/java.io.FileReader.<init>(FileReader.java:60)
	at stacs.mastermind.MastermindApp.loadWordlist(MastermindApp.java:148)
	... 4 more
]]></error>
    <system-err><![CDATA[Word List file not found
]]></system-err>
  </testcase>
  <testcase name="wordOver5Letters" classname="stacs.mastermind.MastermindAppTest" time="0.001"/>
  <testcase name="getRandomWord" classname="stacs.mastermind.MastermindAppTest" time="0.001"/>
  <testcase name="guessCorrect" classname="stacs.mastermind.MastermindAppTest" time="0.001"/>
  <testcase name="isGameOver" classname="stacs.mastermind.MastermindAppTest" time="0.004">
    <failure message="expected: &lt;10&gt; but was: &lt;false&gt;" type="org.opentest4j.AssertionFailedError"><![CDATA[org.opentest4j.AssertionFailedError: expected: <10> but was: <false>
	at org.junit.jupiter.api.AssertionFailureBuilder.build(AssertionFailureBuilder.java:151)
	at org.junit.jupiter.api.AssertionFailureBuilder.buildAndThrow(AssertionFailureBuilder.java:132)
	at org.junit.jupiter.api.AssertEquals.failNotEqual(AssertEquals.java:197)
	at org.junit.jupiter.api.AssertEquals.assertEquals(AssertEquals.java:182)
	at org.junit.jupiter.api.AssertEquals.assertEquals(AssertEquals.java:177)
	at org.junit.jupiter.api.Assertions.assertEquals(Assertions.java:1145)
	at stacs.mastermind.MastermindAppTest.isGameOver(MastermindAppTest.java:38)
	at java.base/java.lang.reflect.Method.invoke(Method.java:580)
	at java.base/java.util.ArrayList.forEach(ArrayList.java:1596)
	at java.base/java.util.ArrayList.forEach(ArrayList.java:1596)
]]></failure>
  </testcase>
</testsuite>