<?xml version="1.0" encoding="UTF-8"?>
<testsuite xmlns:xsi="http://www.w3.org/2001/XMLSchema-instance" xsi:noNamespaceSchemaLocation="https://maven.apache.org/surefire/maven-surefire-plugin/xsd/surefire-test-report.xsd" version="3.0.1" name="stacs.mastermind.MastermindAppTest" time="0.056" tests="7" errors="1" skipped="0" failures="1">
  <properties>
[...]
</properties>
  <testcase name="wordUnder5Letters" classname="stacs.mastermind.MastermindAppTest" time="0.017"/>
  <testcase name="guessWrong" classname="stacs.mastermind.MastermindAppTest" time="0.001"/>
  <testcase name="shouldLoadWordlist" classname="stacs.mastermind.MastermindAppTest" time="0.006">
    <error message="java.io.FileNotFoundException: ../../../resources/wordlist.txt (No such file or directory)" type="java.lang.RuntimeException"><![CDATA[java.lang.RuntimeException: java.io.FileNotFoundException: ../../../resources/wordlist.txt (No such file or directory)
	at stacs.mastermind.MastermindApp.loadWordlist(MastermindApp.java:155)
	at stacs.mastermind.MastermindAppTest.shouldLoadWordlist(MastermindAppTest.java:31)
	at java.base/java.lang.reflect.Method.invoke(Method.java:580)
	at java.base/java.util.ArrayList.forEach(ArrayList.java:1596)
	at java.base/java.util.ArrayList.forEach(ArrayList.java:1596)
Caused by: java.io.FileNotFoundException: ../../../resources/wordlist.txt (No such file or directory)
	at java.base/java.io.FileInputStream.open0(Native Method)
	at java.base/java.io.FileInputStream.open(FileInputStream.java:213)
	at java.base/java.io.FileInputStream.<init>(FileInputStream.java:152)
	at java.base/java.io.FileInputStream.<init>(FileInputStream.java:106)
	at java.base/java.io.FileReader.<init>(FileReader.java:60)
	at stacs.mastermind.MastermindApp.loadWordlist(MastermindApp.java:148)
	... 4 more
]]></error>
    <system-err><![CDATA[Word List file not found
]]></system-err>
  </testcase>
  <testcase name="wordOver5Letters" classname="stacs.mastermind.MastermindAppTest" time="0.001"/>
  <testcase name="getRandomWord" classname="stacs.mastermind.MastermindAppTest" time="0.001"/>
  <testcase name="guessCorrect" classname="stacs.mastermind.MastermindAppTest" time="0.001"/>
  <testcase name="isGameOver" classname="stacs.mastermind.MastermindAppTest" time="0.004">
    <failure message="expected: &lt;10&gt; but was: &lt;false&gt;" type="org.opentest4j.AssertionFailedError"><![CDATA[org.opentest4j.AssertionFailedError: expected: <10> but was: <false>
	at org.junit.jupiter.api.AssertionFailureBuilder.build(AssertionFailureBuilder.java:151)
	at org.junit.jupiter.api.AssertionFailureBuilder.buildAndThrow(AssertionFailureBuilder.java:132)
	at org.junit.jupiter.api.AssertEquals.failNotEqual(AssertEquals.java:197)
	at org.junit.jupiter.api.AssertEquals.assertEquals(AssertEquals.java:182)
	at org.junit.jupiter.api.AssertEquals.assertEquals(AssertEquals.java:177)
	at org.junit.jupiter.api.Assertions.assertEquals(Assertions.java:1145)
	at stacs.mastermind.MastermindAppTest.isGameOver(MastermindAppTest.java:38)
	at java.base/java.lang.reflect.Method.invoke(Method.java:580)
	at java.base/java.util.ArrayList.forEach(ArrayList.java:1596)
	at java.base/java.util.ArrayList.forEach(ArrayList.java:1596)
]]></failure>
  </testcase>
</testsuite>